<?xml version="1.0" encoding="UTF-8"?>
<!-- Generated by org.testng.reporters.JUnitReportReporter -->
<testsuite skipped="0" hostname="LAPTOP-MU36A4M1" name="tests.Categorytest" tests="1" failures="0" timestamp="23 Jun 2021 17:16:34 GMT" time="10.932" errors="0">
  <testcase name="usercategorytestit" time="10.932" classname="tests.Categorytest"/>
</testsuite> <!-- tests.Categorytest -->
