<?xml version="1.0" encoding="UTF-8"?>
<!-- Generated by org.testng.reporters.JUnitReportReporter -->
<testsuite skipped="0" hostname="LAPTOP-MU36A4M1" name="tests.Searchagaintest" tests="1" failures="0" timestamp="23 Jun 2021 17:20:29 GMT" time="18.934" errors="0">
  <testcase name="usersearchagaintest" time="18.934" classname="tests.Searchagaintest"/>
</testsuite> <!-- tests.Searchagaintest -->
