<?xml version="1.0" encoding="UTF-8"?>
<!-- Generated by org.testng.reporters.JUnitReportReporter -->
<testsuite skipped="0" hostname="LAPTOP-MU36A4M1" name="tests.Shiptest" tests="1" failures="0" timestamp="23 Jun 2021 19:28:31 GMT" time="8.792" errors="0">
  <testcase name="usershiptest" time="8.792" classname="tests.Shiptest"/>
</testsuite> <!-- tests.Shiptest -->
