<?xml version="1.0" encoding="UTF-8"?>
<!-- Generated by org.testng.reporters.JUnitReportReporter -->
<testsuite skipped="0" hostname="LAPTOP-MU36A4M1" name="tests.Hovertest" tests="1" failures="0" timestamp="10 Oct 2020 23:27:46 GMT" time="19.677" errors="0">
  <testcase name="userhovertest" time="19.677" classname="tests.Hovertest"/>
</testsuite> <!-- tests.Hovertest -->
